  OpenCVApplication.cpp
C:\Users\gabriel.apostol\Documents\Shape-Recognition-Systems-Lab-Work\OpenCVApplication-VS2015_31_basic\OpenCVApplication.cpp(426,43): warning C4244: 'argument': conversion from 'float' to 'int', possible loss of data
C:\Users\gabriel.apostol\Documents\Shape-Recognition-Systems-Lab-Work\OpenCVApplication-VS2015_31_basic\OpenCVApplication.cpp(426,29): warning C4244: 'argument': conversion from 'float' to 'int', possible loss of data
C:\Users\gabriel.apostol\Documents\Shape-Recognition-Systems-Lab-Work\OpenCVApplication-VS2015_31_basic\OpenCVApplication.cpp(427,43): warning C4244: 'argument': conversion from 'float' to 'int', possible loss of data
C:\Users\gabriel.apostol\Documents\Shape-Recognition-Systems-Lab-Work\OpenCVApplication-VS2015_31_basic\OpenCVApplication.cpp(427,29): warning C4244: 'argument': conversion from 'float' to 'int', possible loss of data
C:\Users\gabriel.apostol\Documents\Shape-Recognition-Systems-Lab-Work\OpenCVApplication-VS2015_31_basic\OpenCVApplication.cpp(428,43): warning C4244: 'argument': conversion from 'float' to 'int', possible loss of data
C:\Users\gabriel.apostol\Documents\Shape-Recognition-Systems-Lab-Work\OpenCVApplication-VS2015_31_basic\OpenCVApplication.cpp(428,29): warning C4244: 'argument': conversion from 'float' to 'int', possible loss of data
C:\Users\gabriel.apostol\Documents\Shape-Recognition-Systems-Lab-Work\OpenCVApplication-VS2015_31_basic\OpenCVApplication.cpp(460,43): warning C4244: 'argument': conversion from 'float' to 'int', possible loss of data
C:\Users\gabriel.apostol\Documents\Shape-Recognition-Systems-Lab-Work\OpenCVApplication-VS2015_31_basic\OpenCVApplication.cpp(460,29): warning C4244: 'argument': conversion from 'float' to 'int', possible loss of data
C:\Users\gabriel.apostol\Documents\Shape-Recognition-Systems-Lab-Work\OpenCVApplication-VS2015_31_basic\OpenCVApplication.cpp(461,43): warning C4244: 'argument': conversion from 'float' to 'int', possible loss of data
C:\Users\gabriel.apostol\Documents\Shape-Recognition-Systems-Lab-Work\OpenCVApplication-VS2015_31_basic\OpenCVApplication.cpp(461,29): warning C4244: 'argument': conversion from 'float' to 'int', possible loss of data
C:\Users\gabriel.apostol\Documents\Shape-Recognition-Systems-Lab-Work\OpenCVApplication-VS2015_31_basic\OpenCVApplication.cpp(462,43): warning C4244: 'argument': conversion from 'float' to 'int', possible loss of data
C:\Users\gabriel.apostol\Documents\Shape-Recognition-Systems-Lab-Work\OpenCVApplication-VS2015_31_basic\OpenCVApplication.cpp(462,29): warning C4244: 'argument': conversion from 'float' to 'int', possible loss of data
C:\Users\gabriel.apostol\Documents\Shape-Recognition-Systems-Lab-Work\OpenCVApplication-VS2015_31_basic\OpenCVApplication.cpp(478,27): warning C4244: 'argument': conversion from 'double' to '_Tp', possible loss of data
          with
          [
              _Tp=int
          ]
C:\Users\gabriel.apostol\Documents\Shape-Recognition-Systems-Lab-Work\OpenCVApplication-VS2015_31_basic\OpenCVApplication.cpp(478,58): warning C4244: 'argument': conversion from 'double' to '_Tp', possible loss of data
          with
          [
              _Tp=int
          ]
C:\Users\gabriel.apostol\Documents\Shape-Recognition-Systems-Lab-Work\OpenCVApplication-VS2015_31_basic\OpenCVApplication.cpp(505,43): warning C4244: 'argument': conversion from 'float' to 'int', possible loss of data
C:\Users\gabriel.apostol\Documents\Shape-Recognition-Systems-Lab-Work\OpenCVApplication-VS2015_31_basic\OpenCVApplication.cpp(505,29): warning C4244: 'argument': conversion from 'float' to 'int', possible loss of data
C:\Users\gabriel.apostol\Documents\Shape-Recognition-Systems-Lab-Work\OpenCVApplication-VS2015_31_basic\OpenCVApplication.cpp(506,43): warning C4244: 'argument': conversion from 'float' to 'int', possible loss of data
C:\Users\gabriel.apostol\Documents\Shape-Recognition-Systems-Lab-Work\OpenCVApplication-VS2015_31_basic\OpenCVApplication.cpp(506,29): warning C4244: 'argument': conversion from 'float' to 'int', possible loss of data
C:\Users\gabriel.apostol\Documents\Shape-Recognition-Systems-Lab-Work\OpenCVApplication-VS2015_31_basic\OpenCVApplication.cpp(507,43): warning C4244: 'argument': conversion from 'float' to 'int', possible loss of data
C:\Users\gabriel.apostol\Documents\Shape-Recognition-Systems-Lab-Work\OpenCVApplication-VS2015_31_basic\OpenCVApplication.cpp(507,29): warning C4244: 'argument': conversion from 'float' to 'int', possible loss of data
C:\Users\gabriel.apostol\Documents\Shape-Recognition-Systems-Lab-Work\OpenCVApplication-VS2015_31_basic\OpenCVApplication.cpp(520,18): warning C4244: '=': conversion from 'double' to 'float', possible loss of data
C:\Users\gabriel.apostol\Documents\Shape-Recognition-Systems-Lab-Work\OpenCVApplication-VS2015_31_basic\OpenCVApplication.cpp(521,18): warning C4244: '=': conversion from 'double' to 'float', possible loss of data
C:\Users\gabriel.apostol\Documents\Shape-Recognition-Systems-Lab-Work\OpenCVApplication-VS2015_31_basic\OpenCVApplication.cpp(524,42): warning C4244: 'argument': conversion from 'float' to '_Tp', possible loss of data
          with
          [
              _Tp=int
          ]
C:\Users\gabriel.apostol\Documents\Shape-Recognition-Systems-Lab-Work\OpenCVApplication-VS2015_31_basic\OpenCVApplication.cpp(524,93): warning C4244: 'argument': conversion from 'float' to '_Tp', possible loss of data
          with
          [
              _Tp=int
          ]
C:\Users\gabriel.apostol\Documents\Shape-Recognition-Systems-Lab-Work\OpenCVApplication-VS2015_31_basic\OpenCVApplication.cpp(528,39): warning C4244: 'argument': conversion from 'float' to '_Tp', possible loss of data
          with
          [
              _Tp=int
          ]
C:\Users\gabriel.apostol\Documents\Shape-Recognition-Systems-Lab-Work\OpenCVApplication-VS2015_31_basic\OpenCVApplication.cpp(528,88): warning C4244: 'argument': conversion from 'float' to '_Tp', possible loss of data
          with
          [
              _Tp=int
          ]
C:\Users\gabriel.apostol\Documents\Shape-Recognition-Systems-Lab-Work\OpenCVApplication-VS2015_31_basic\OpenCVApplication.cpp(554,9): warning C4477: 'printf' : format string '%d' requires an argument of type 'int', but variadic argument 1 has type 'unsigned __int64'
C:\Users\gabriel.apostol\Documents\Shape-Recognition-Systems-Lab-Work\OpenCVApplication-VS2015_31_basic\OpenCVApplication.cpp(554,9): message : consider using '%zd' in the format string
C:\Users\gabriel.apostol\Documents\Shape-Recognition-Systems-Lab-Work\OpenCVApplication-VS2015_31_basic\OpenCVApplication.cpp(556,26): warning C4305: 'initializing': truncation from 'double' to 'float'
C:\Users\gabriel.apostol\Documents\Shape-Recognition-Systems-Lab-Work\OpenCVApplication-VS2015_31_basic\OpenCVApplication.cpp(556,35): warning C4305: 'initializing': truncation from 'double' to 'float'
C:\Users\gabriel.apostol\Documents\Shape-Recognition-Systems-Lab-Work\OpenCVApplication-VS2015_31_basic\OpenCVApplication.cpp(560,10): warning C4305: '=': truncation from 'double' to 'float'
C:\Users\gabriel.apostol\Documents\Shape-Recognition-Systems-Lab-Work\OpenCVApplication-VS2015_31_basic\OpenCVApplication.cpp(562,19): warning C4267: 'initializing': conversion from 'size_t' to 'int', possible loss of data
C:\Users\gabriel.apostol\Documents\Shape-Recognition-Systems-Lab-Work\OpenCVApplication-VS2015_31_basic\OpenCVApplication.cpp(567,12): warning C4244: 'argument': conversion from 'time_t' to 'unsigned int', possible loss of data
C:\Users\gabriel.apostol\Documents\Shape-Recognition-Systems-Lab-Work\OpenCVApplication-VS2015_31_basic\OpenCVApplication.cpp(586,15): warning C4244: 'initializing': conversion from 'double' to 'float', possible loss of data
C:\Users\gabriel.apostol\Documents\Shape-Recognition-Systems-Lab-Work\OpenCVApplication-VS2015_31_basic\OpenCVApplication.cpp(628,8): warning C4244: 'initializing': conversion from 'double' to 'int', possible loss of data
C:\Users\gabriel.apostol\Documents\Shape-Recognition-Systems-Lab-Work\OpenCVApplication-VS2015_31_basic\OpenCVApplication.cpp(640,20): warning C4244: 'initializing': conversion from 'double' to 'float', possible loss of data
C:\Users\gabriel.apostol\Documents\Shape-Recognition-Systems-Lab-Work\OpenCVApplication-VS2015_31_basic\OpenCVApplication.cpp(643,21): warning C4244: 'argument': conversion from 'float' to 'int', possible loss of data
C:\Users\gabriel.apostol\Documents\Shape-Recognition-Systems-Lab-Work\OpenCVApplication-VS2015_31_basic\OpenCVApplication.cpp(686,9): warning C4477: 'printf' : format string '%d' requires an argument of type 'int', but variadic argument 1 has type 'unsigned __int64'
C:\Users\gabriel.apostol\Documents\Shape-Recognition-Systems-Lab-Work\OpenCVApplication-VS2015_31_basic\OpenCVApplication.cpp(686,9): message : consider using '%zd' in the format string
C:\Users\gabriel.apostol\Documents\Shape-Recognition-Systems-Lab-Work\OpenCVApplication-VS2015_31_basic\OpenCVApplication.cpp(695,17): warning C4244: 'initializing': conversion from 'double' to 'float', possible loss of data
C:\Users\gabriel.apostol\Documents\Shape-Recognition-Systems-Lab-Work\OpenCVApplication-VS2015_31_basic\OpenCVApplication.cpp(698,43): warning C4244: 'argument': conversion from 'float' to '_Tp', possible loss of data
          with
          [
              _Tp=int
          ]
C:\Users\gabriel.apostol\Documents\Shape-Recognition-Systems-Lab-Work\OpenCVApplication-VS2015_31_basic\OpenCVApplication.cpp(698,103): warning C4244: 'argument': conversion from 'float' to '_Tp', possible loss of data
          with
          [
              _Tp=int
          ]
C:\Users\gabriel.apostol\Documents\Shape-Recognition-Systems-Lab-Work\OpenCVApplication-VS2015_31_basic\OpenCVApplication.cpp(702,40): warning C4244: 'argument': conversion from 'float' to '_Tp', possible loss of data
          with
          [
              _Tp=int
          ]
C:\Users\gabriel.apostol\Documents\Shape-Recognition-Systems-Lab-Work\OpenCVApplication-VS2015_31_basic\OpenCVApplication.cpp(702,96): warning C4244: 'argument': conversion from 'float' to '_Tp', possible loss of data
          with
          [
              _Tp=int
          ]
C:\Users\gabriel.apostol\Documents\Shape-Recognition-Systems-Lab-Work\OpenCVApplication-VS2015_31_basic\OpenCVApplication.cpp(796,19): warning C4244: 'return': conversion from 'double' to 'float', possible loss of data
C:\Users\gabriel.apostol\Documents\Shape-Recognition-Systems-Lab-Work\OpenCVApplication-VS2015_31_basic\OpenCVApplication.cpp(834,22): warning C4101: 'cxUnk': unreferenced local variable
C:\Users\gabriel.apostol\Documents\Shape-Recognition-Systems-Lab-Work\OpenCVApplication-VS2015_31_basic\OpenCVApplication.cpp(834,14): warning C4101: 'cyTemp': unreferenced local variable
C:\Users\gabriel.apostol\Documents\Shape-Recognition-Systems-Lab-Work\OpenCVApplication-VS2015_31_basic\OpenCVApplication.cpp(834,6): warning C4101: 'cxTemp': unreferenced local variable
C:\Users\gabriel.apostol\Documents\Shape-Recognition-Systems-Lab-Work\OpenCVApplication-VS2015_31_basic\OpenCVApplication.cpp(834,29): warning C4101: 'cyUnk': unreferenced local variable
C:\Users\gabriel.apostol\Documents\Shape-Recognition-Systems-Lab-Work\OpenCVApplication-VS2015_31_basic\OpenCVApplication.cpp(881,22): warning C4244: '=': conversion from 'double' to 'float', possible loss of data
C:\Users\gabriel.apostol\Documents\Shape-Recognition-Systems-Lab-Work\OpenCVApplication-VS2015_31_basic\OpenCVApplication.cpp(906,37): warning C4244: '=': conversion from 'double' to '_Tp', possible loss of data
          with
          [
              _Tp=float
          ]
C:\Users\gabriel.apostol\Documents\Shape-Recognition-Systems-Lab-Work\OpenCVApplication-VS2015_31_basic\OpenCVApplication.cpp(1028,40): warning C4244: 'argument': conversion from 'double' to 'int', possible loss of data
C:\Users\gabriel.apostol\Documents\Shape-Recognition-Systems-Lab-Work\OpenCVApplication-VS2015_31_basic\OpenCVApplication.cpp(1028,23): warning C4244: 'argument': conversion from 'double' to 'int', possible loss of data
C:\Users\gabriel.apostol\Documents\Shape-Recognition-Systems-Lab-Work\OpenCVApplication-VS2015_31_basic\OpenCVApplication.cpp(1032,73): warning C4244: 'argument': conversion from '_Tp' to 'int', possible loss of data
          with
          [
              _Tp=double
          ]
C:\Users\gabriel.apostol\Documents\Shape-Recognition-Systems-Lab-Work\OpenCVApplication-VS2015_31_basic\OpenCVApplication.cpp(1032,42): warning C4244: 'argument': conversion from '_Tp' to 'int', possible loss of data
          with
          [
              _Tp=double
          ]
C:\Users\gabriel.apostol\Documents\Shape-Recognition-Systems-Lab-Work\OpenCVApplication-VS2015_31_basic\OpenCVApplication.cpp(1035,73): warning C4244: 'argument': conversion from '_Tp' to 'int', possible loss of data
          with
          [
              _Tp=double
          ]
C:\Users\gabriel.apostol\Documents\Shape-Recognition-Systems-Lab-Work\OpenCVApplication-VS2015_31_basic\OpenCVApplication.cpp(1035,42): warning C4244: 'argument': conversion from '_Tp' to 'int', possible loss of data
          with
          [
              _Tp=double
          ]
C:\Users\gabriel.apostol\Documents\Shape-Recognition-Systems-Lab-Work\OpenCVApplication-VS2015_31_basic\OpenCVApplication.cpp(1036,9): warning C4244: '=': conversion from '_Tp' to '_Tp', possible loss of data
          with
          [
              _Tp=double
          ]
          and
          [
              _Tp=uchar
          ]
C:\Users\gabriel.apostol\Documents\Shape-Recognition-Systems-Lab-Work\OpenCVApplication-VS2015_31_basic\OpenCVApplication.cpp(1075,16): warning C4244: '+=': conversion from 'double' to 'int', possible loss of data
C:\Users\gabriel.apostol\Documents\Shape-Recognition-Systems-Lab-Work\OpenCVApplication-VS2015_31_basic\OpenCVApplication.cpp(1077,16): warning C4244: '=': conversion from 'double' to 'float', possible loss of data
C:\Users\gabriel.apostol\Documents\Shape-Recognition-Systems-Lab-Work\OpenCVApplication-VS2015_31_basic\OpenCVApplication.cpp(1133,34): warning C4267: 'argument': conversion from 'size_t' to 'int', possible loss of data
C:\Users\gabriel.apostol\Documents\Shape-Recognition-Systems-Lab-Work\OpenCVApplication-VS2015_31_basic\OpenCVApplication.cpp(1196,14): warning C4244: '+=': conversion from 'double' to 'float', possible loss of data
C:\Users\gabriel.apostol\Documents\Shape-Recognition-Systems-Lab-Work\OpenCVApplication-VS2015_31_basic\OpenCVApplication.cpp(1446,21): warning C4244: '+=': conversion from 'float' to 'int', possible loss of data
C:\Users\gabriel.apostol\Documents\Shape-Recognition-Systems-Lab-Work\OpenCVApplication-VS2015_31_basic\OpenCVApplication.cpp(1497,11): warning C4244: '=': conversion from 'int' to 'float', possible loss of data
C:\Users\gabriel.apostol\Documents\Shape-Recognition-Systems-Lab-Work\OpenCVApplication-VS2015_31_basic\OpenCVApplication.cpp(1500,11): warning C4244: '=': conversion from 'int' to 'float', possible loss of data
C:\Users\gabriel.apostol\Documents\Shape-Recognition-Systems-Lab-Work\OpenCVApplication-VS2015_31_basic\OpenCVApplication.cpp(1507,18): warning C4305: '=': truncation from 'double' to 'float'
C:\Users\gabriel.apostol\Documents\Shape-Recognition-Systems-Lab-Work\OpenCVApplication-VS2015_31_basic\OpenCVApplication.cpp(1508,40): warning C4305: 'initializing': truncation from 'double' to 'float'
C:\Users\gabriel.apostol\Documents\Shape-Recognition-Systems-Lab-Work\OpenCVApplication-VS2015_31_basic\OpenCVApplication.cpp(1564,27): warning C4244: '=': conversion from 'double' to '_Tp', possible loss of data
          with
          [
              _Tp=float
          ]
C:\Users\gabriel.apostol\Documents\Shape-Recognition-Systems-Lab-Work\OpenCVApplication-VS2015_31_basic\OpenCVApplication.cpp(1572,28): warning C4244: '=': conversion from 'double' to 'float', possible loss of data
C:\Users\gabriel.apostol\Documents\Shape-Recognition-Systems-Lab-Work\OpenCVApplication-VS2015_31_basic\OpenCVApplication.cpp(1581,20): warning C4244: '+=': conversion from '_Tp' to 'int', possible loss of data
          with
          [
              _Tp=float
          ]
  OpenCVApplication.vcxproj -> C:\Users\gabriel.apostol\Documents\Shape-Recognition-Systems-Lab-Work\OpenCVApplication-VS2015_31_basic\x64\Debug\OpenCVApplication.exe
  OpenCV\dll\Debug\opencv_ffmpeg310_64.dll
  OpenCV\dll\Debug\opencv_world310d.dll
          2 file(s) copied.
